
============================================================
[2026-04-11T14:10:18.795480]
COUNTEREXAMPLE AT n=2:
============================== Mace4 =================================
Mace4 (32) version Dec-2007, Dec 2007.
Process 20968 was started by nacho on compudos,
Sat Apr 11 14:10:18 2026
The command was "/cygdrive/c/Program Files (x86)/Prover9-Mace4/bin-win32/mace4 -n 2 -N 2 -t 80 -f C:\Users\nacho\Documents\GitHub\eq677\atp\anti255-direct.in".
============================== end of head ===========================

============================== INPUT =================================

% Reading from file C:\Users\nacho\Documents\GitHub\eq677\atp\anti255-direct.in

set(prolog_style_variables).

formulas(assumptions).
X = f(Y,f(X,f(f(Y,X),Y))).
end_of_list.

formulas(goals).
X = f(f(f(X,X),X),X).
end_of_list.
    % assign(domain_size, 2) -> assign(start_size, 2).
    % assign(domain_size, 2) -> assign(end_size, 2).

% From the command line: assign(domain_size, 2).

% From the command line: assign(end_size, 2).

% From the command line: assign(max_seconds, 80).

============================== end of input ==========================

============================== PROCESS NON-CLAUSAL FORMULAS ==========

% Formulas that are not ordinary clauses:
1 X = f(f(f(X,X),X),X) # label(non_clause) # label(goal).  [goal].

============================== end of process non-clausal formulas ===

============================== CLAUSES FOR SEARCH ====================

formulas(mace4_clauses).
A = f(B,f(A,f(f(B,A),B))).
f(f(f(c1,c1),c1),c1) != c1.
end_of_list.

============================== end of clauses for search =============

% There are no domain elements in the input.

============================== DOMAIN SIZE 2 =========================

============================== STATISTICS ============================

For domain size 2.

Current CPU time: 0.00 seconds (total CPU time: 0.00 seconds).
Ground clauses: seen=5, kept=5.
Selections=4, assignments=7, propagations=2, current_models=0.
Rewrite_terms=29, rewrite_bools=6, indexes=7.
Rules_from_neg_clauses=2, cross_offs=2.

============================== end of statistics =====================

User_CPU=0.00, System_CPU=0.03, Wall_clock=0.

Exiting with failure.

Process 20968 exit (exhausted) Sat Apr 11 14:10:18 2026
The process finished Sat Apr 11 14:10:18 2026

