
============================================================
[2026-04-11T14:33:21.800219]
============================== Mace4 =================================
Mace4 (32) version Dec-2007, Dec 2007.
Process 14748 was started by nacho on compudos,
Sat Apr 11 14:30:02 2026
The command was "/cygdrive/c/Program Files (x86)/Prover9-Mace4/bin-win32/mace4 -n 13 -N 13 -t 190 -f C:\Users\nacho\Documents\GitHub\eq677\atp\anti255-direct.in".
============================== end of head ===========================

============================== INPUT =================================

% Reading from file C:\Users\nacho\Documents\GitHub\eq677\atp\anti255-direct.in

set(prolog_style_variables).

formulas(assumptions).
X = f(Y,f(X,f(f(Y,X),Y))).
end_of_list.

formulas(goals).
X = f(f(f(X,X),X),X).
end_of_list.
    % assign(domain_size, 13) -> assign(start_size, 13).
    % assign(domain_size, 13) -> assign(end_size, 13).

% From the command line: assign(domain_size, 13).

% From the command line: assign(end_size, 13).

% From the command line: assign(max_seconds, 190).

============================== end of input ==========================

============================== PROCESS NON-CLAUSAL FORMULAS ==========

% Formulas that are not ordinary clauses:
1 X = f(f(f(X,X),X),X) # label(non_clause) # label(goal).  [goal].

============================== end of process non-clausal formulas ===

============================== CLAUSES FOR SEARCH ====================

formulas(mace4_clauses).
A = f(B,f(A,f(f(B,A),B))).
f(f(f(c1,c1),c1),c1) != c1.
end_of_list.

============================== end of clauses for search =============

% There are no domain elements in the input.

============================== DOMAIN SIZE 13 ========================

============================== STATISTICS ============================

For domain size 13.

Current CPU time: 0.00 seconds (total CPU time: 190.01 seconds).
Ground clauses: seen=170, kept=170.
Selections=31144066, assignments=404872548, propagations=326179110, current_models=0.
Rewrite_terms=1953140096, rewrite_bools=544372202, indexes=564455258.
Rules_from_neg_clauses=14905059, cross_offs=875737100.

============================== end of statistics =====================

User_CPU=190.01, System_CPU=7.67, Wall_clock=199.

Exiting with failure.

Process 14748 exit (max_sec_no) Sat Apr 11 14:33:21 2026
The process finished Sat Apr 11 14:33:21 2026

