
============================================================
[2026-04-11T14:13:26.295183]
============================== Mace4 =================================
Mace4 (32) version Dec-2007, Dec 2007.
Process 2128 was started by nacho on compudos,
Sat Apr 11 14:13:26 2026
The command was "/cygdrive/c/Program Files (x86)/Prover9-Mace4/bin-win32/mace4 -n 4 -N 4 -t 100 -f C:\Users\nacho\Documents\GitHub\eq677\atp\anti255-direct.in".
============================== end of head ===========================

============================== INPUT =================================

% Reading from file C:\Users\nacho\Documents\GitHub\eq677\atp\anti255-direct.in

set(prolog_style_variables).

formulas(assumptions).
X = f(Y,f(X,f(f(Y,X),Y))).
end_of_list.

formulas(goals).
X = f(f(f(X,X),X),X).
end_of_list.
    % assign(domain_size, 4) -> assign(start_size, 4).
    % assign(domain_size, 4) -> assign(end_size, 4).

% From the command line: assign(domain_size, 4).

% From the command line: assign(end_size, 4).

% From the command line: assign(max_seconds, 100).

============================== end of input ==========================

============================== PROCESS NON-CLAUSAL FORMULAS ==========

% Formulas that are not ordinary clauses:
1 X = f(f(f(X,X),X),X) # label(non_clause) # label(goal).  [goal].

============================== end of process non-clausal formulas ===

============================== CLAUSES FOR SEARCH ====================

formulas(mace4_clauses).
A = f(B,f(A,f(f(B,A),B))).
f(f(f(c1,c1),c1),c1) != c1.
end_of_list.

============================== end of clauses for search =============

% There are no domain elements in the input.

============================== DOMAIN SIZE 4 =========================

============================== STATISTICS ============================

For domain size 4.

Current CPU time: 0.00 seconds (total CPU time: 0.01 seconds).
Ground clauses: seen=17, kept=17.
Selections=61, assignments=235, propagations=221, current_models=0.
Rewrite_terms=1352, rewrite_bools=335, indexes=422.
Rules_from_neg_clauses=102, cross_offs=370.

============================== end of statistics =====================

User_CPU=0.01, System_CPU=0.00, Wall_clock=0.

Exiting with failure.

Process 2128 exit (exhausted) Sat Apr 11 14:13:26 2026
The process finished Sat Apr 11 14:13:26 2026

