
============================================================
[2026-04-11T14:30:02.582232]
============================== Mace4 =================================
Mace4 (32) version Dec-2007, Dec 2007.
Process 6604 was started by nacho on compudos,
Sat Apr 11 14:26:54 2026
The command was "/cygdrive/c/Program Files (x86)/Prover9-Mace4/bin-win32/mace4 -n 12 -N 12 -t 180 -f C:\Users\nacho\Documents\GitHub\eq677\atp\anti255-direct.in".
============================== end of head ===========================

============================== INPUT =================================

% Reading from file C:\Users\nacho\Documents\GitHub\eq677\atp\anti255-direct.in

set(prolog_style_variables).

formulas(assumptions).
X = f(Y,f(X,f(f(Y,X),Y))).
end_of_list.

formulas(goals).
X = f(f(f(X,X),X),X).
end_of_list.
    % assign(domain_size, 12) -> assign(start_size, 12).
    % assign(domain_size, 12) -> assign(end_size, 12).

% From the command line: assign(domain_size, 12).

% From the command line: assign(end_size, 12).

% From the command line: assign(max_seconds, 180).

============================== end of input ==========================

============================== PROCESS NON-CLAUSAL FORMULAS ==========

% Formulas that are not ordinary clauses:
1 X = f(f(f(X,X),X),X) # label(non_clause) # label(goal).  [goal].

============================== end of process non-clausal formulas ===

============================== CLAUSES FOR SEARCH ====================

formulas(mace4_clauses).
A = f(B,f(A,f(f(B,A),B))).
f(f(f(c1,c1),c1),c1) != c1.
end_of_list.

============================== end of clauses for search =============

% There are no domain elements in the input.

============================== DOMAIN SIZE 12 ========================

============================== STATISTICS ============================

For domain size 12.

Current CPU time: 0.00 seconds (total CPU time: 180.03 seconds).
Ground clauses: seen=145, kept=145.
Selections=34193757, assignments=410324800, propagations=291015615, current_models=0.
Rewrite_terms=1858229923, rewrite_bools=534893981, indexes=520369625.
Rules_from_neg_clauses=14365532, cross_offs=825667012.

============================== end of statistics =====================

User_CPU=180.03, System_CPU=7.62, Wall_clock=188.

Exiting with failure.

Process 6604 exit (max_sec_no) Sat Apr 11 14:30:02 2026
The process finished Sat Apr 11 14:30:02 2026

