
============================================================
[2026-04-11T14:13:26.781633]
============================== Mace4 =================================
Mace4 (32) version Dec-2007, Dec 2007.
Process 22104 was started by nacho on compudos,
Sat Apr 11 14:13:26 2026
The command was "/cygdrive/c/Program Files (x86)/Prover9-Mace4/bin-win32/mace4 -n 6 -N 6 -t 120 -f C:\Users\nacho\Documents\GitHub\eq677\atp\anti255-direct.in".
============================== end of head ===========================

============================== INPUT =================================

% Reading from file C:\Users\nacho\Documents\GitHub\eq677\atp\anti255-direct.in

set(prolog_style_variables).

formulas(assumptions).
X = f(Y,f(X,f(f(Y,X),Y))).
end_of_list.

formulas(goals).
X = f(f(f(X,X),X),X).
end_of_list.
    % assign(domain_size, 6) -> assign(start_size, 6).
    % assign(domain_size, 6) -> assign(end_size, 6).

% From the command line: assign(domain_size, 6).

% From the command line: assign(end_size, 6).

% From the command line: assign(max_seconds, 120).

============================== end of input ==========================

============================== PROCESS NON-CLAUSAL FORMULAS ==========

% Formulas that are not ordinary clauses:
1 X = f(f(f(X,X),X),X) # label(non_clause) # label(goal).  [goal].

============================== end of process non-clausal formulas ===

============================== CLAUSES FOR SEARCH ====================

formulas(mace4_clauses).
A = f(B,f(A,f(f(B,A),B))).
f(f(f(c1,c1),c1),c1) != c1.
end_of_list.

============================== end of clauses for search =============

% There are no domain elements in the input.

============================== DOMAIN SIZE 6 =========================

============================== STATISTICS ============================

For domain size 6.

Current CPU time: 0.00 seconds (total CPU time: 0.36 seconds).
Ground clauses: seen=37, kept=37.
Selections=181284, assignments=1087545, propagations=704814, current_models=0.
Rewrite_terms=5030445, rewrite_bools=1340570, indexes=1399459.
Rules_from_neg_clauses=120230, cross_offs=1235696.

============================== end of statistics =====================

User_CPU=0.36, System_CPU=0.08, Wall_clock=0.

Exiting with failure.

Process 22104 exit (exhausted) Sat Apr 11 14:13:26 2026
The process finished Sat Apr 11 14:13:26 2026

