
============================================================
[2026-04-11T14:09:11.305797]
Generating terms up to depth 4...
  Single-variable terms: 677
  Two-variable terms:    2090918
  Models loaded: 439

============================================================
SINGLE-VARIABLE IDENTITIES (depth <= 4)
============================================================
  Equivalence classes: 1
  Non-trivial identities: 28

  Representative identities (first of each class):
    x  =  f(f(f(x,x),x),x)   [depth 3, size 1+7]
    x  =  f(x,f(x,f(f(x,x),x)))   [depth 4, size 1+9]
    x  =  f(f(x,x),f(f(x,f(x,x)),x))   [depth 4, size 1+11]
    f(x,x)  =  f(x,f(f(f(x,x),x),x))   [depth 4, size 3+9]
    f(x,x)  =  f(f(f(f(x,x),x),x),x)   [depth 4, size 3+9]
    x  =  f(f(f(x,x),x),f(f(f(x,x),x),x))   [depth 4, size 1+13]
    x  =  f(f(f(x,x),f(f(x,x),x)),f(x,x))   [depth 4, size 1+13]
    x  =  f(f(f(f(x,x),x),x),f(x,f(f(x,x),x)))   [depth 4, size 1+15]
    f(x,f(x,x))  =  f(f(f(f(x,x),x),x),f(x,x))   [depth 4, size 5+11]
    f(f(x,x),x)  =  f(f(x,x),f(f(f(x,x),x),x))   [depth 4, size 5+11]
    f(f(x,x),x)  =  f(f(x,f(f(x,x),x)),f(x,x))   [depth 4, size 5+11]
    f(x,x)  =  f(f(f(f(x,x),x),x),f(f(f(x,x),x),x))   [depth 4, size 3+15]
    f(x,x)  =  f(f(f(f(x,x),f(x,x)),f(x,x)),f(x,x))   [depth 4, size 3+15]
    f(f(x,f(x,x)),x)  =  f(x,f(f(f(x,x),x),f(x,x)))   [depth 4, size 7+11]
    f(x,f(x,f(x,x)))  =  f(f(f(f(x,x),x),x),f(x,f(x,x)))   [depth 4, size 7+13]
    f(x,f(f(x,x),x))  =  f(f(f(f(x,x),x),x),f(f(x,x),x))   [depth 4, size 7+13]
    f(f(x,f(x,x)),x)  =  f(f(x,f(x,x)),f(f(f(x,x),x),x))   [depth 4, size 7+13]
    f(x,f(f(x,x),f(x,x)))  =  f(f(f(f(x,x),x),x),f(f(x,x),f(x,x)))   [depth 4, size 9+15]
    f(f(x,f(x,x)),x)  =  f(f(f(f(x,x),x),x),f(f(f(x,x),x),f(x,x)))   [depth 4, size 7+17]
    f(f(f(x,x),f(x,x)),x)  =  f(f(f(x,x),f(x,x)),f(f(f(x,x),x),x))   [depth 4, size 9+15]
    f(x,f(f(x,f(x,x)),x))  =  f(f(f(f(x,x),x),x),f(f(x,f(x,x)),x))   [depth 4, size 9+15]
    f(f(x,f(f(x,x),x)),x)  =  f(f(x,f(f(x,x),x)),f(f(f(x,x),x),x))   [depth 4, size 9+15]
    f(x,f(f(f(x,x),f(x,x)),x))  =  f(f(f(f(x,x),x),x),f(f(f(x,x),f(x,x)),x))   [depth 4, size 11+17]
    f(x,f(f(x,x),f(f(x,x),f(x,x))))  =  f(f(f(f(x,x),x),x),f(f(x,x),f(f(x,x),f(x,x))))   [depth 4, size 13+19]
    f(x,f(f(f(x,x),x),f(x,f(x,x))))  =  f(f(f(f(x,x),x),x),f(f(f(x,x),x),f(x,f(x,x))))   [depth 4, size 13+19]
    f(x,f(f(f(x,x),x),f(f(x,x),x)))  =  f(f(f(f(x,x),x),x),f(f(f(x,x),x),f(f(x,x),x)))   [depth 4, size 13+19]
    f(x,f(f(f(x,x),f(x,x)),f(f(x,x),x)))  =  f(f(f(f(x,x),x),x),f(f(f(x,x),f(x,x)),f(f(x,x),x)))   [depth 4, size 15+21]
    f(x,f(f(f(x,x),f(x,x)),f(f(x,x),f(x,x))))  =  f(f(f(f(x,x),x),x),f(f(f(x,x),f(x,x)),f(f(x,x),f(x,x))))   [depth 4, size 17+23]

  (Skipping two-variable identities at depth 4 — too expensive.)
  Run with MAX_DEPTH=3 to include two-variable identities.

============================================================
ATP CROSS-REFERENCE
============================================================
  To determine which identities above are NON-equational (require finiteness):
  For each identity t1 = t2, run:
    vampire --mode casc -t 60 <<< 'cnf(eq677,axiom,X=f(Y,f(X,f(f(Y,X),Y)))).
                                    cnf(target,negated_conjecture, t1 != t2).'
  If Vampire proves it: the identity is an equational consequence (less interesting).
  If Vampire fails: the identity likely REQUIRES finiteness (very interesting).

  McKenna reported 13 depth-5 non-equational identities.
  Run this script with depth 5 to rediscover them:
    python extract_identities.py 5


