
============================================================
[2026-04-11T16:21:42.967818]
============================== Prover9 ===============================
Prover9 (32) version Dec-2007, Dec 2007.
Process 34776 was started by nacho on compudos,
Sat Apr 11 16:21:37 2026
The command was "/cygdrive/c/Program Files (x86)/Prover9-Mace4/bin-win32/prover9 -t 300 -f C:\Users\nacho\Documents\GitHub\eq677\atp\cascade-d7-2-6-aug.in".
============================== end of head ===========================

============================== INPUT =================================

% Reading from file C:\Users\nacho\Documents\GitHub\eq677\atp\cascade-d7-2-6-aug.in

set(prolog_style_variables).

formulas(assumptions).
X = f(Y,f(X,f(f(Y,X),Y))).
X = f(f(Y,X),f(f(Y,f(Y,X)),Y)).
g(X,f(X,Y)) = Y.
c0 = a.
f(a,c0) = c1.
f(a,c1) = c2.
f(a,c2) = c3.
f(a,c3) = c4.
f(a,c4) = c5.
f(a,c5) = c6.
f(a,c6) = a.
c0 != c1.
c0 != c2.
c0 != c3.
c0 != c4.
c0 != c5.
c0 != c6.
c1 != c2.
c1 != c3.
c1 != c4.
c1 != c5.
c1 != c6.
c2 != c3.
c2 != c4.
c2 != c5.
c2 != c6.
c3 != c4.
c3 != c5.
c3 != c6.
c4 != c5.
c4 != c6.
c5 != c6.
f(c0,a) = d0.
f(c1,a) = d1.
f(c2,a) = d2.
f(c3,a) = d3.
f(c4,a) = d4.
f(c5,a) = d5.
f(c6,a) = d6.
f(c0,d1) = c6.
f(c1,d2) = c0.
f(c2,d3) = c1.
f(c3,d4) = c2.
f(c4,d5) = c3.
f(c5,d6) = c4.
f(c6,d0) = c5.
d5 = a.
f(c3,c3) = c2.
d2 = d6.
X = f(f(f(X,X),X),X).
X = f(X,f(X,f(f(X,X),X))).
X = f(f(X,X),f(f(X,f(X,X)),X)).
f(X,X) = f(X,f(f(f(X,X),X),X)).
f(X,X) = f(f(f(f(X,X),X),X),X).
X = f(f(f(X,X),X),f(f(f(X,X),X),X)).
X = f(f(f(X,X),f(f(X,X),X)),f(X,X)).
X = f(f(f(f(X,X),X),X),f(X,f(f(X,X),X))).
f(X,f(X,X)) = f(f(f(f(X,X),X),X),f(X,X)).
f(f(X,X),X) = f(f(X,X),f(f(f(X,X),X),X)).
f(f(X,X),X) = f(f(X,f(f(X,X),X)),f(X,X)).
f(X,X) = f(f(f(f(X,X),X),X),f(f(f(X,X),X),X)).
f(X,X) = f(f(f(f(X,X),f(X,X)),f(X,X)),f(X,X)).
f(f(X,f(X,X)),X) = f(X,f(f(f(X,X),X),f(X,X))).
f(X,f(X,f(X,X))) = f(f(f(f(X,X),X),X),f(X,f(X,X))).
f(X,f(f(X,X),X)) = f(f(f(f(X,X),X),X),f(f(X,X),X)).
f(f(X,f(X,X)),X) = f(f(X,f(X,X)),f(f(f(X,X),X),X)).
f(X,f(f(X,X),f(X,X))) = f(f(f(f(X,X),X),X),f(f(X,X),f(X,X))).
f(f(X,f(X,X)),X) = f(f(f(f(X,X),X),X),f(f(f(X,X),X),f(X,X))).
f(f(f(X,X),f(X,X)),X) = f(f(f(X,X),f(X,X)),f(f(f(X,X),X),X)).
end_of_list.

============================== end of input ==========================

% From the command line: assign(max_seconds, 300).

============================== PROCESS NON-CLAUSAL FORMULAS ==========

% Formulas that are not ordinary clauses:

============================== end of process non-clausal formulas ===

============================== PROCESS INITIAL CLAUSES ===============

% Clauses before input processing:

formulas(usable).
end_of_list.

formulas(sos).
A = f(B,f(A,f(f(B,A),B))).  [assumption].
A = f(f(B,A),f(f(B,f(B,A)),B)).  [assumption].
g(A,f(A,B)) = B.  [assumption].
c0 = a.  [assumption].
f(a,c0) = c1.  [assumption].
f(a,c1) = c2.  [assumption].
f(a,c2) = c3.  [assumption].
f(a,c3) = c4.  [assumption].
f(a,c4) = c5.  [assumption].
f(a,c5) = c6.  [assumption].
f(a,c6) = a.  [assumption].
c0 != c1.  [assumption].
c0 != c2.  [assumption].
c0 !
