
============================================================
[2026-04-11T16:21:04.464427]
Generated 15 Prover9 cascade-gap files for d=6:
  cascade-d6-0-1.in
  cascade-d6-0-2.in
  cascade-d6-0-3.in
  cascade-d6-0-4.in
  cascade-d6-0-5.in
  cascade-d6-1-2.in
  cascade-d6-1-3.in
  cascade-d6-1-4.in
  cascade-d6-1-5.in
  cascade-d6-2-3.in
  cascade-d6-2-4.in
  cascade-d6-2-5.in
  cascade-d6-3-4.in
  cascade-d6-3-5.in
  cascade-d6-4-5.in

Run with Prover9:
  "C:\Program Files (x86)\Prover9-Mace4\bin-win32\prover9.exe" -f atp\cascade-d6-0-1.in

Run all 21 in sequence (PowerShell):
  Get-ChildItem atp\cascade-d6-*.in | ForEach-Object { "C:\Program Files (x86)\Prover9-Mace4\bin-win32\prover9.exe" -f $_.FullName }

Run Mace4 countermodel search (if Prover9 times out):
  "C:\Program Files (x86)\Prover9-Mace4\bin-win32\mace4.exe" -n 12 -f atp\cascade-d6-0-1.in

If ALL 15 files are refuted, d-injectivity holds for d=6.

