
============================================================
[2026-04-11T16:21:03.995707]
============================== Prover9 ===============================
Prover9 (32) version Dec-2007, Dec 2007.
Process 35636 was started by nacho on compudos,
Sat Apr 11 16:21:03 2026
The command was "/cygdrive/c/Program Files (x86)/Prover9-Mace4/bin-win32/prover9 -t 120 -f C:\Users\nacho\Documents\GitHub\eq677\atp\cascade-d5-2-4.in".
============================== end of head ===========================

============================== INPUT =================================

% Reading from file C:\Users\nacho\Documents\GitHub\eq677\atp\cascade-d5-2-4.in

set(prolog_style_variables).

formulas(assumptions).
X = f(Y,f(X,f(f(Y,X),Y))).
X = f(f(Y,X),f(f(Y,f(Y,X)),Y)).
g(X,f(X,Y)) = Y.
c0 = a.
f(a,c0) = c1.
f(a,c1) = c2.
f(a,c2) = c3.
f(a,c3) = c4.
f(a,c4) = a.
c0 != c1.
c0 != c2.
c0 != c3.
c0 != c4.
c1 != c2.
c1 != c3.
c1 != c4.
c2 != c3.
c2 != c4.
c3 != c4.
f(c0,a) = d0.
f(c1,a) = d1.
f(c2,a) = d2.
f(c3,a) = d3.
f(c4,a) = d4.
f(c0,d1) = c4.
f(c1,d2) = c0.
f(c2,d3) = c1.
f(c3,d4) = c2.
f(c4,d0) = c3.
d3 = a.
f(c1,c1) = c0.
d2 = d4.
end_of_list.

============================== end of input ==========================

% From the command line: assign(max_seconds, 120).

============================== PROCESS NON-CLAUSAL FORMULAS ==========

% Formulas that are not ordinary clauses:

============================== end of process non-clausal formulas ===

============================== PROCESS INITIAL CLAUSES ===============

% Clauses before input processing:

formulas(usable).
end_of_list.

formulas(sos).
A = f(B,f(A,f(f(B,A),B))).  [assumption].
A = f(f(B,A),f(f(B,f(B,A)),B)).  [assumption].
g(A,f(A,B)) = B.  [assumption].
c0 = a.  [assumption].
f(a,c0) = c1.  [assumption].
f(a,c1) = c2.  [assumption].
f(a,c2) = c3.  [assumption].
f(a,c3) = c4.  [assumption].
f(a,c4) = a.  [assumption].
c0 != c1.  [assumption].
c0 != c2.  [assumption].
c0 != c3.  [assumption].
c0 != c4.  [assumption].
c1 != c2.  [assumption].
c1 != c3.  [assumption].
c1 != c4.  [assumption].
c2 != c3.  
